<?xml version="1.0" encoding="UTF-8"?>
<!-- Generated by org.testng.reporters.JUnitReportReporter -->
<testsuite hostname="user-PC" failures="0" tests="4" name="testNGPkg.Parameterising" time="0.321" errors="0" timestamp="2022-02-10T07:10:49 IST" skipped="0">
  <testcase classname="testNGPkg.Parameterising" name="testM3" time="0.004"/>
  <system-out/>
  <testcase classname="testNGPkg.Parameterising" name="testM1" time="0.298"/>
  <system-out/>
  <testcase classname="testNGPkg.Parameterising" name="testM2" time="0.013"/>
  <system-out/>
  <testcase classname="testNGPkg.Parameterising" name="testM4" time="0.006"/>
  <system-out/>
</testsuite> <!-- testNGPkg.Parameterising -->
