<?xml version="1.0" encoding="UTF-8"?>
<!-- Generated by org.testng.reporters.JUnitReportReporter -->
<testsuite hostname="user-PC" failures="0" tests="4" name="testNGPkg.ParallelExecutionTests2" time="82.661" errors="0" timestamp="2021-12-31T12:10:01 IST" skipped="0">
  <testcase classname="testNGPkg.ParallelExecutionTests2" name="testM1" time="14.289"/>
  <system-out/>
  <testcase classname="testNGPkg.ParallelExecutionTests2" name="testM4" time="30.129"/>
  <system-out/>
  <testcase classname="testNGPkg.ParallelExecutionTests2" name="testM2" time="14.817"/>
  <system-out/>
  <testcase classname="testNGPkg.ParallelExecutionTests2" name="testM3" time="23.426"/>
  <system-out/>
</testsuite> <!-- testNGPkg.ParallelExecutionTests2 -->
