<?xml version="1.0" encoding="UTF-8"?>
<!-- Generated by org.testng.reporters.JUnitReportReporter -->
<testsuite hostname="user-PC" failures="0" tests="6" name="testNGPkg.DependsOnMethodAndGroups" time="0.019" errors="0" timestamp="2021-12-30T07:43:36 IST" skipped="0">
  <testcase classname="testNGPkg.DependsOnMethodAndGroups" name="cleanUpMehtod" time="0.001"/>
  <system-out/>
  <testcase classname="testNGPkg.DependsOnMethodAndGroups" name="updatedMethod" time="0.002"/>
  <system-out/>
  <testcase classname="testNGPkg.DependsOnMethodAndGroups" name="insert" time="0.002"/>
  <system-out/>
  <testcase classname="testNGPkg.DependsOnMethodAndGroups" name="deleteMethod" time="0.002"/>
  <system-out/>
  <testcase classname="testNGPkg.DependsOnMethodAndGroups" name="init" time="0.010"/>
  <system-out/>
  <testcase classname="testNGPkg.DependsOnMethodAndGroups" name="selectMethod" time="0.002"/>
  <system-out/>
</testsuite> <!-- testNGPkg.DependsOnMethodAndGroups -->
