<?xml version="1.0" encoding="UTF-8"?>
<!-- Generated by org.testng.reporters.JUnitReportReporter -->
<testsuite hostname="user-PC" failures="0" tests="1" name="Demo" time="21.010" errors="0" timestamp="2022-01-22T07:17:28 IST" skipped="0">
  <testcase classname="Demo" name="testMethod" time="21.010"/>
  <system-out/>
</testsuite> <!-- Demo -->
