<?xml version="1.0" encoding="UTF-8"?>
<!-- Generated by org.testng.reporters.JUnitReportReporter -->
<testsuite hostname="user-PC" failures="0" tests="8" name="testNGPkg.Priority" time="0.050" errors="0" timestamp="2022-02-09T07:13:47 IST" skipped="1">
  <testcase classname="testNGPkg.Priority" name="testM3" time="0.003"/>
  <system-out/>
  <testcase classname="testNGPkg.Priority" name="testM3" time="0.005"/>
  <system-out/>
  <testcase classname="testNGPkg.Priority" name="testM3" time="0.005"/>
  <system-out/>
  <testcase classname="testNGPkg.Priority" name="testM3" time="0.023"/>
  <system-out/>
  <testcase classname="testNGPkg.Priority" name="testM3" time="0.006"/>
  <system-out/>
  <testcase classname="testNGPkg.Priority" name="testM3" time="0.004"/>
  <system-out/>
  <testcase classname="testNGPkg.Priority" name="testM1" time="0.004"/>
  <system-out/>
  <testcase classname="testNGPkg.Priority" name="testM2">
    <skipped/>
  </testcase> <!-- testM2 -->
  <system-out/>
</testsuite> <!-- testNGPkg.Priority -->
