<?xml version="1.0" encoding="UTF-8"?>
<!-- Generated by org.testng.reporters.JUnitReportReporter -->
<testsuite hostname="user-PC" failures="0" tests="1" name="MouseHover" time="23.141" errors="0" timestamp="2022-02-01T08:05:46 IST" skipped="0">
  <testcase classname="MouseHover" name="demoMethod" time="23.141"/>
  <system-out/>
</testsuite> <!-- MouseHover -->
