<?xml version="1.0" encoding="UTF-8"?>
<!-- Generated by org.testng.reporters.JUnitReportReporter -->
<testsuite hostname="user-PC" failures="0" tests="2" name="testNGPkg.AllAnnotations" time="0.011" errors="0" timestamp="2022-01-21T07:07:00 IST" skipped="0">
  <testcase classname="testNGPkg.AllAnnotations" name="testMethod" time="0.008"/>
  <system-out/>
  <testcase classname="testNGPkg.AllAnnotations" name="testMethod2" time="0.003"/>
  <system-out/>
</testsuite> <!-- testNGPkg.AllAnnotations -->
