<?xml version="1.0" encoding="UTF-8"?>
<!-- Generated by org.testng.reporters.JUnitReportReporter -->
<testsuite hostname="user-PC" failures="0" tests="1" name="Demo2" time="29.499" errors="0" timestamp="2022-01-22T09:42:05 IST" skipped="0">
  <testcase classname="Demo2" name="testMethod" time="29.499"/>
  <system-out/>
</testsuite> <!-- Demo2 -->
