<?xml version="1.0" encoding="UTF-8"?>
<!-- Generated by org.testng.reporters.JUnitReportReporter -->
<testsuite hostname="user-PC" failures="0" tests="1" name="testNGPkg.MultipleBeforeMethods" time="0.015" errors="0" timestamp="2021-12-28T10:16:54 IST" skipped="0">
  <testcase classname="testNGPkg.MultipleBeforeMethods" name="testMethod" time="0.015"/>
  <system-out/>
</testsuite> <!-- testNGPkg.MultipleBeforeMethods -->
