<?xml version="1.0" encoding="UTF-8"?>
<!-- Generated by org.testng.reporters.JUnitReportReporter -->
<testsuite hostname="user-PC" failures="0" tests="1" name="ByClassProgram" time="54.908" errors="0" timestamp="2022-02-02T06:54:22 IST" skipped="0">
  <testcase classname="ByClassProgram" name="demoMethod" time="54.908"/>
  <system-out/>
</testsuite> <!-- ByClassProgram -->
