<?xml version="1.0" encoding="UTF-8"?>
<!-- Generated by org.testng.reporters.JUnitReportReporter -->
<testsuite hostname="user-PC" failures="0" tests="3" name="testNGPkg.DependsOnMehtodsPractice" time="0.018" errors="0" timestamp="2021-12-30T06:03:32 IST" skipped="0">
  <testcase classname="testNGPkg.DependsOnMehtodsPractice" name="dependsMethod2" time="0.001"/>
  <system-out/>
  <testcase classname="testNGPkg.DependsOnMehtodsPractice" name="method3" time="0.015"/>
  <system-out/>
  <testcase classname="testNGPkg.DependsOnMehtodsPractice" name="method4" time="0.002"/>
  <system-out/>
</testsuite> <!-- testNGPkg.DependsOnMehtodsPractice -->
