<?xml version="1.0" encoding="UTF-8"?>
<!-- Generated by org.testng.reporters.JUnitReportReporter -->
<testsuite hostname="user-PC" failures="0" tests="2" name="testNGPkg.GropsExampls" time="0.012" errors="0" timestamp="2021-12-30T06:00:37 IST" skipped="0">
  <testcase classname="testNGPkg.GropsExampls" name="testMethod1" time="0.010"/>
  <system-out/>
  <testcase classname="testNGPkg.GropsExampls" name="testMethod2" time="0.002"/>
  <system-out/>
</testsuite> <!-- testNGPkg.GropsExampls -->
