<?xml version="1.0" encoding="UTF-8"?>
<!-- Generated by org.testng.reporters.JUnitReportReporter -->
<testsuite hostname="user-PC" failures="0" tests="1" name="CheckBoxExample" time="20.188" errors="0" timestamp="2022-02-01T19:38:04 IST" skipped="0">
  <testcase classname="CheckBoxExample" name="checkbox" time="20.188"/>
  <system-out/>
</testsuite> <!-- CheckBoxExample -->
