<?xml version="1.0" encoding="UTF-8"?>
<!-- Generated by org.testng.reporters.JUnitReportReporter -->
<testsuite hostname="user-PC" failures="0" tests="4" name="testNGPkg.DependsOnMethods" time="0.008" errors="0" timestamp="2021-12-30T07:43:36 IST" skipped="0">
  <testcase classname="testNGPkg.DependsOnMethods" name="testM2" time="0.002"/>
  <system-out/>
  <testcase classname="testNGPkg.DependsOnMethods" name="testM3" time="0.002"/>
  <system-out/>
  <testcase classname="testNGPkg.DependsOnMethods" name="testM4" time="0.002"/>
  <system-out/>
  <testcase classname="testNGPkg.DependsOnMethods" name="testM1" time="0.002"/>
  <system-out/>
</testsuite> <!-- testNGPkg.DependsOnMethods -->
