<?xml version="1.0" encoding="UTF-8"?>
<!-- Generated by org.testng.reporters.JUnitReportReporter -->
<testsuite hostname="user-PC" failures="0" tests="1" name="SeleniumPractice.HandlingMultipleDropdown" time="69.515" errors="0" timestamp="2022-02-08T11:24:45 IST" skipped="0">
  <testcase classname="SeleniumPractice.HandlingMultipleDropdown" name="multipleDrodpwns" time="69.515"/>
  <system-out/>
</testsuite> <!-- SeleniumPractice.HandlingMultipleDropdown -->
