<?xml version="1.0" encoding="UTF-8"?>
<!-- Generated by org.testng.reporters.JUnitReportReporter -->
<testsuite hostname="user-PC" failures="0" tests="1" name="SimpleLogin_FluentWait" time="50.804" errors="0" timestamp="2022-02-10T08:40:18 IST" skipped="0">
  <testcase classname="SimpleLogin_FluentWait" name="demoMethod" time="50.804"/>
  <system-out/>
</testsuite> <!-- SimpleLogin_FluentWait -->
