<?xml version="1.0" encoding="UTF-8"?>
<!-- Generated by org.testng.reporters.JUnitReportReporter -->
<testsuite hostname="user-PC" failures="0" tests="6" name="testNGPkg.DataProviderClass" time="0.025" errors="0" timestamp="2021-12-31T11:27:31 IST" skipped="0">
  <testcase classname="testNGPkg.DataProviderClass" name="Method1" time="0.005"/>
  <system-out/>
  <testcase classname="testNGPkg.DataProviderClass" name="Method1" time="0.008"/>
  <system-out/>
  <testcase classname="testNGPkg.DataProviderClass" name="Method3" time="0.002"/>
  <system-out/>
  <testcase classname="testNGPkg.DataProviderClass" name="Method3" time="0.003"/>
  <system-out/>
  <testcase classname="testNGPkg.DataProviderClass" name="Method2" time="0.004"/>
  <system-out/>
  <testcase classname="testNGPkg.DataProviderClass" name="Method2" time="0.003"/>
  <system-out/>
</testsuite> <!-- testNGPkg.DataProviderClass -->
