<?xml version="1.0" encoding="UTF-8"?>
<!-- Generated by org.testng.reporters.JUnitReportReporter -->
<testsuite hostname="user-PC" failures="0" tests="6" name="testNGPkg.DataProviderExample2" time="0.016" errors="0" timestamp="2021-12-31T12:49:38 IST" skipped="0">
  <testcase classname="testNGPkg.DataProviderExample2" name="testMethod1" time="0.001"/>
  <system-out/>
  <testcase classname="testNGPkg.DataProviderExample2" name="testMethod3" time="0.001"/>
  <system-out/>
  <testcase classname="testNGPkg.DataProviderExample2" name="testMethod1" time="0.008"/>
  <system-out/>
  <testcase classname="testNGPkg.DataProviderExample2" name="testMethod2" time="0.002"/>
  <system-out/>
  <testcase classname="testNGPkg.DataProviderExample2" name="testMethod2" time="0.002"/>
  <system-out/>
  <testcase classname="testNGPkg.DataProviderExample2" name="testMethod3" time="0.002"/>
  <system-out/>
</testsuite> <!-- testNGPkg.DataProviderExample2 -->
