<?xml version="1.0" encoding="UTF-8"?>
<!-- Generated by org.testng.reporters.JUnitReportReporter -->
<testsuite hostname="user-PC" failures="0" tests="1" name="HdfcBank" time="17.030" errors="0" timestamp="2022-02-01T20:39:51 IST" skipped="0">
  <testcase classname="HdfcBank" name="demo" time="17.030"/>
  <system-out/>
</testsuite> <!-- HdfcBank -->
