<?xml version="1.0" encoding="UTF-8"?>
<!-- Generated by org.testng.reporters.JUnitReportReporter -->
<testsuite hostname="user-PC" failures="0" tests="1" name="CheckBox" time="28.160" errors="0" timestamp="2022-02-01T19:29:05 IST" skipped="0">
  <testcase classname="CheckBox" name="application" time="28.160"/>
  <system-out/>
</testsuite> <!-- CheckBox -->
