<?xml version="1.0" encoding="UTF-8"?>
<!-- Generated by org.testng.reporters.JUnitReportReporter -->
<testsuite hostname="user-PC" failures="0" tests="1" name="PageFactroyModel_demo360_" time="50.355" errors="0" timestamp="2022-01-27T11:05:12 IST" skipped="0">
  <testcase classname="PageFactroyModel_demo360_" name="loadURl" time="50.355"/>
  <system-out/>
</testsuite> <!-- PageFactroyModel_demo360_ -->
