<?xml version="1.0" encoding="UTF-8"?>
<!-- Generated by org.testng.reporters.JUnitReportReporter -->
<testsuite hostname="user-PC" failures="0" tests="4" name="testNGPkg.ParallelExecutionTests" time="0.040" errors="0" timestamp="2022-01-01T06:17:02 IST" skipped="0">
  <testcase classname="testNGPkg.ParallelExecutionTests" name="testM3" time="0.010"/>
  <system-out/>
  <testcase classname="testNGPkg.ParallelExecutionTests" name="testM2" time="0.006"/>
  <system-out/>
  <testcase classname="testNGPkg.ParallelExecutionTests" name="testM1" time="0.019"/>
  <system-out/>
  <testcase classname="testNGPkg.ParallelExecutionTests" name="testM4" time="0.005"/>
  <system-out/>
</testsuite> <!-- testNGPkg.ParallelExecutionTests -->
